This is pdfTeX, Version 3.1415926-2.5-1.40.14 (TeX Live 2013/Debian) (format=pdflatex 2017.5.2)  2 MAY 2017 17:10
entering extended mode
 restricted \write18 enabled.
 %&-line parsing enabled.
**thesis.tex
(./thesis.tex
LaTeX2e <2011/06/27>
Babel <3.9h> and hyphenation patterns for 2 languages loaded.
(./cmuthesis.cls (/usr/share/texlive/texmf-dist/tex/latex/base/book.cls
Document Class: book 2007/10/19 v1.4h Standard LaTeX document class
(/usr/share/texlive/texmf-dist/tex/latex/base/bk12.clo
File: bk12.clo 2007/10/19 v1.4h Standard LaTeX file (size option)
)
\c@part=\count79
\c@chapter=\count80
\c@section=\count81
\c@subsection=\count82
\c@subsubsection=\count83
\c@paragraph=\count84
\c@subparagraph=\count85
\c@figure=\count86
\c@table=\count87
\abovecaptionskip=\skip41
\belowcaptionskip=\skip42
\bibindent=\dimen102
)
\@copyrightbox=\box26
\@measbox=\box27

(/usr/share/texlive/texmf-dist/tex/latex/graphics/graphicx.sty
Package: graphicx 1999/02/16 v1.0f Enhanced LaTeX Graphics (DPC,SPQR)

(/usr/share/texlive/texmf-dist/tex/latex/graphics/keyval.sty
Package: keyval 1999/03/16 v1.13 key=value parser (DPC)
\KV@toks@=\toks14
)
(/usr/share/texlive/texmf-dist/tex/latex/graphics/graphics.sty
Package: graphics 2009/02/05 v1.0o Standard LaTeX Graphics (DPC,SPQR)

(/usr/share/texlive/texmf-dist/tex/latex/graphics/trig.sty
Package: trig 1999/03/16 v1.09 sin cos tan (DPC)
)
(/usr/share/texlive/texmf-dist/tex/latex/latexconfig/graphics.cfg
File: graphics.cfg 2010/04/23 v1.9 graphics configuration of TeX Live
)
Package graphics Info: Driver file: pdftex.def on input line 91.

(/usr/share/texlive/texmf-dist/tex/latex/pdftex-def/pdftex.def
File: pdftex.def 2011/05/27 v0.06d Graphics/color for pdfTeX

(/usr/share/texlive/texmf-dist/tex/generic/oberdiek/infwarerr.sty
Package: infwarerr 2010/04/08 v1.3 Providing info/warning/error messages (HO)
)
(/usr/share/texlive/texmf-dist/tex/generic/oberdiek/ltxcmds.sty
Package: ltxcmds 2011/11/09 v1.22 LaTeX kernel commands for general use (HO)
)
\Gread@gobject=\count88
))
\Gin@req@height=\dimen103
\Gin@req@width=\dimen104
)
(/usr/share/texlive/texmf-dist/tex/latex/eso-pic/eso-pic.sty
Package: eso-pic 2013/10/06 v2.0d eso-pic (RN)

(/usr/share/texlive/texmf-dist/tex/generic/oberdiek/atbegshi.sty
Package: atbegshi 2011/10/05 v1.16 At begin shipout hook (HO)

(/usr/share/texlive/texmf-dist/tex/generic/oberdiek/ifpdf.sty
Package: ifpdf 2011/01/30 v2.3 Provides the ifpdf switch (HO)
Package ifpdf Info: pdfTeX in PDF mode is detected.
))
(/usr/share/texmf/tex/latex/xcolor/xcolor.sty
Package: xcolor 2007/01/21 v2.11 LaTeX color extensions (UK)

(/usr/share/texlive/texmf-dist/tex/latex/latexconfig/color.cfg
File: color.cfg 2007/01/18 v1.5 color configuration of teTeX/TeXLive
)
Package xcolor Info: Driver file: pdftex.def on input line 225.
Package xcolor Info: Model `cmy' substituted by `cmy0' on input line 1337.
Package xcolor Info: Model `hsb' substituted by `rgb' on input line 1341.
Package xcolor Info: Model `RGB' extended on input line 1353.
Package xcolor Info: Model `HTML' substituted by `rgb' on input line 1355.
Package xcolor Info: Model `Hsb' substituted by `hsb' on input line 1356.
Package xcolor Info: Model `tHsb' substituted by `hsb' on input line 1357.
Package xcolor Info: Model `HSB' substituted by `hsb' on input line 1358.
Package xcolor Info: Model `Gray' substituted by `gray' on input line 1359.
Package xcolor Info: Model `wave' substituted by `hsb' on input line 1360.
)))
(/usr/share/texlive/texmf-dist/tex/latex/psnfss/times.sty
Package: times 2005/04/12 PSNFSS-v9.2a (SPQR) 
)
(/usr/share/texlive/texmf-dist/tex/latex/preprint/fullpage.sty
Package: fullpage 1999/02/23 1.1 (PWD)
\FP@margin=\skip43
)
(/usr/share/texlive/texmf-dist/tex/latex/amsmath/amsmath.sty
Package: amsmath 2013/01/14 v2.14 AMS math features
\@mathmargin=\skip44

For additional information on amsmath, use the `?' option.
(/usr/share/texlive/texmf-dist/tex/latex/amsmath/amstext.sty
Package: amstext 2000/06/29 v2.01

(/usr/share/texlive/texmf-dist/tex/latex/amsmath/amsgen.sty
File: amsgen.sty 1999/11/30 v2.0
\@emptytoks=\toks15
\ex@=\dimen105
))
(/usr/share/texlive/texmf-dist/tex/latex/amsmath/amsbsy.sty
Package: amsbsy 1999/11/29 v1.2d
\pmbraise@=\dimen106
)
(/usr/share/texlive/texmf-dist/tex/latex/amsmath/amsopn.sty
Package: amsopn 1999/12/14 v2.01 operator names
)
\inf@bad=\count89
LaTeX Info: Redefining \frac on input line 210.
\uproot@=\count90
\leftroot@=\count91
LaTeX Info: Redefining \overline on input line 306.
\classnum@=\count92
\DOTSCASE@=\count93
LaTeX Info: Redefining \ldots on input line 378.
LaTeX Info: Redefining \dots on input line 381.
LaTeX Info: Redefining \cdots on input line 466.
\Mathstrutbox@=\box28
\strutbox@=\box29
\big@size=\dimen107
LaTeX Font Info:    Redeclaring font encoding OML on input line 566.
LaTeX Font Info:    Redeclaring font encoding OMS on input line 567.
\macc@depth=\count94
\c@MaxMatrixCols=\count95
\dotsspace@=\muskip10
\c@parentequation=\count96
\dspbrk@lvl=\count97
\tag@help=\toks16
\row@=\count98
\column@=\count99
\maxfields@=\count100
\andhelp@=\toks17
\eqnshift@=\dimen108
\alignsep@=\dimen109
\tagshift@=\dimen110
\tagwidth@=\dimen111
\totwidth@=\dimen112
\lineht@=\dimen113
\@envbody=\toks18
\multlinegap=\skip45
\multlinetaggap=\skip46
\mathdisplay@stack=\toks19
LaTeX Info: Redefining \[ on input line 2665.
LaTeX Info: Redefining \] on input line 2666.
)
(/usr/share/texlive/texmf-dist/tex/latex/subfiles/subfiles.sty
Package: subfiles 2012/05/23 Federico Garcia

(/usr/share/texlive/texmf-dist/tex/latex/tools/verbatim.sty
Package: verbatim 2003/08/22 v1.5q LaTeX2e package for verbatim enhancements
\every@verbatim=\toks20
\verbatim@line=\toks21
\verbatim@in@stream=\read1
))
(/usr/share/texlive/texmf-dist/tex/latex/natbib/natbib.sty
Package: natbib 2010/09/13 8.31b (PWD, AO)
\bibhang=\skip47
\bibsep=\skip48
LaTeX Info: Redefining \cite on input line 694.
\c@NAT@ctr=\count101
)
(/usr/share/texlive/texmf-dist/tex/latex/hyperref/hyperref.sty
Package: hyperref 2012/11/06 v6.83m Hypertext links for LaTeX

(/usr/share/texlive/texmf-dist/tex/generic/oberdiek/hobsub-hyperref.sty
Package: hobsub-hyperref 2012/05/28 v1.13 Bundle oberdiek, subset hyperref (HO)


(/usr/share/texlive/texmf-dist/tex/generic/oberdiek/hobsub-generic.sty
Package: hobsub-generic 2012/05/28 v1.13 Bundle oberdiek, subset generic (HO)
Package: hobsub 2012/05/28 v1.13 Construct package bundles (HO)
Package hobsub Info: Skipping package `infwarerr' (already loaded).
Package hobsub Info: Skipping package `ltxcmds' (already loaded).
Package: ifluatex 2010/03/01 v1.3 Provides the ifluatex switch (HO)
Package ifluatex Info: LuaTeX not detected.
Package: ifvtex 2010/03/01 v1.5 Detect VTeX and its facilities (HO)
Package ifvtex Info: VTeX not detected.
Package: intcalc 2007/09/27 v1.1 Expandable calculations with integers (HO)
Package hobsub Info: Skipping package `ifpdf' (already loaded).
Package: etexcmds 2011/02/16 v1.5 Avoid name clashes with e-TeX commands (HO)
Package etexcmds Info: Could not find \expanded.
(etexcmds)             That can mean that you are not using pdfTeX 1.50 or
(etexcmds)             that some package has redefined \expanded.
(etexcmds)             In the latter case, load this package earlier.
Package: kvsetkeys 2012/04/25 v1.16 Key value parser (HO)
Package: kvdefinekeys 2011/04/07 v1.3 Define keys (HO)
Package: pdftexcmds 2011/11/29 v0.20 Utility functions of pdfTeX for LuaTeX (HO
)
Package pdftexcmds Info: LuaTeX not detected.
Package pdftexcmds Info: \pdf@primitive is available.
Package pdftexcmds Info: \pdf@ifprimitive is available.
Package pdftexcmds Info: \pdfdraftmode found.
Package: pdfescape 2011/11/25 v1.13 Implements pdfTeX's escape features (HO)
Package: bigintcalc 2012/04/08 v1.3 Expandable calculations on big integers (HO
)
Package: bitset 2011/01/30 v1.1 Handle bit-vector datatype (HO)
Package: uniquecounter 2011/01/30 v1.2 Provide unlimited unique counter (HO)
)
Package hobsub Info: Skipping package `hobsub' (already loaded).
Package: letltxmacro 2010/09/02 v1.4 Let assignment for LaTeX macros (HO)
Package: hopatch 2012/05/28 v1.2 Wrapper for package hooks (HO)
Package: xcolor-patch 2011/01/30 xcolor patch
Package: atveryend 2011/06/30 v1.8 Hooks at the very end of document (HO)
Package atveryend Info: \enddocument detected (standard20110627).
Package hobsub Info: Skipping package `atbegshi' (already loaded).
Package: refcount 2011/10/16 v3.4 Data extraction from label references (HO)
Package: hycolor 2011/01/30 v1.7 Color options for hyperref/bookmark (HO)
)
(/usr/share/texlive/texmf-dist/tex/generic/ifxetex/ifxetex.sty
Package: ifxetex 2010/09/12 v0.6 Provides ifxetex conditional
)
(/usr/share/texlive/texmf-dist/tex/latex/oberdiek/auxhook.sty
Package: auxhook 2011/03/04 v1.3 Hooks for auxiliary files (HO)
)
(/usr/share/texlive/texmf-dist/tex/latex/oberdiek/kvoptions.sty
Package: kvoptions 2011/06/30 v3.11 Key value format for package options (HO)
)
\@linkdim=\dimen114
\Hy@linkcounter=\count102
\Hy@pagecounter=\count103

(/usr/share/texlive/texmf-dist/tex/latex/hyperref/pd1enc.def
File: pd1enc.def 2012/11/06 v6.83m Hyperref: PDFDocEncoding definition (HO)
)
\Hy@SavedSpaceFactor=\count104

(/usr/share/texlive/texmf-dist/tex/latex/latexconfig/hyperref.cfg
File: hyperref.cfg 2002/06/06 v1.2 hyperref configuration of TeXLive
)
Package hyperref Info: Option `pageanchor' set `true' on input line 4319.
Package hyperref Info: Option `plainpages' set `false' on input line 4319.
Package hyperref Info: Option `pdfpagelabels' set `true' on input line 4319.
Package hyperref Info: Option `bookmarks' set `true' on input line 4319.
Package hyperref Info: Option `bookmarksnumbered' set `true' on input line 4319
.
Package hyperref Info: Hyper figures OFF on input line 4443.
Package hyperref Info: Link nesting OFF on input line 4448.
Package hyperref Info: Hyper index ON on input line 4451.
Package hyperref Info: Plain pages OFF on input line 4458.
Package hyperref Info: Backreferencing ON on input line 4461.
Package hyperref Info: Implicit mode ON; LaTeX internals redefined.
Package hyperref Info: Bookmarks ON on input line 4688.

(/usr/share/texlive/texmf-dist/tex/latex/hyperref/backref.sty
Package: backref 2012/07/25 v1.38 Bibliographical back referencing

(/usr/share/texlive/texmf-dist/tex/latex/oberdiek/rerunfilecheck.sty
Package: rerunfilecheck 2011/04/15 v1.7 Rerun checks for auxiliary files (HO)
Package uniquecounter Info: New unique counter `rerunfilecheck' on input line 2
82.
))
\c@Hy@tempcnt=\count105

(/usr/share/texlive/texmf-dist/tex/latex/url/url.sty
\Urlmuskip=\muskip11
Package: url 2013/09/16  ver 3.4  Verb mode for urls, etc.
)
LaTeX Info: Redefining \url on input line 5041.
\XeTeXLinkMargin=\dimen115
\Fld@menulength=\count106
\Field@Width=\dimen116
\Fld@charsize=\dimen117
Package hyperref Info: Hyper figures OFF on input line 6295.
Package hyperref Info: Link nesting OFF on input line 6300.
Package hyperref Info: Hyper index ON on input line 6303.
Package hyperref Info: backreferencing ON on input line 6308.
Package hyperref Info: Link coloring OFF on input line 6315.
Package hyperref Info: Link coloring with OCG OFF on input line 6320.
Package hyperref Info: PDF/A mode OFF on input line 6325.
LaTeX Info: Redefining \ref on input line 6365.
LaTeX Info: Redefining \pageref on input line 6369.
\Hy@abspage=\count107
\c@Item=\count108
\c@Hfootnote=\count109
)

Package hyperref Message: Driver (autodetected): hpdftex.

(/usr/share/texlive/texmf-dist/tex/latex/hyperref/hpdftex.def
File: hpdftex.def 2012/11/06 v6.83m Hyperref driver for pdfTeX
\Fld@listcount=\count110
\c@bookmark@seq@number=\count111
\Hy@SectionHShift=\skip49
)
(/usr/share/texlive/texmf-dist/tex/latex/amsfonts/amssymb.sty
Package: amssymb 2013/01/14 v3.01 AMS font symbols

(/usr/share/texlive/texmf-dist/tex/latex/amsfonts/amsfonts.sty
Package: amsfonts 2013/01/14 v3.01 Basic AMSFonts support
\symAMSa=\mathgroup4
\symAMSb=\mathgroup5
LaTeX Font Info:    Overwriting math alphabet `\mathfrak' in version `bold'
(Font)                  U/euf/m/n --> U/euf/b/n on input line 106.
))
(/usr/share/texlive/texmf-dist/tex/latex/was/gensymb.sty
Package: gensymb 2003/07/02 v1.0 (WaS)
)
(/usr/share/texlive/texmf-dist/tex/latex/doublestroke/dsfont.sty
Package: dsfont 1995/08/01 v0.1 Double stroke roman fonts
)
(/usr/share/texlive/texmf-dist/tex/latex/float/float.sty
Package: float 2001/11/08 v1.3d Float enhancements (AL)
\c@float@type=\count112
\float@exts=\toks22
\float@box=\box30
\@float@everytoks=\toks23
\@floatcapt=\box31
)
(/usr/share/texlive/texmf-dist/tex/latex/enumitem/enumitem.sty
Package: enumitem 2011/09/28 v3.5.2 Customized lists
\labelindent=\skip50
\enit@outerparindent=\dimen118
\enit@toks=\toks24
\enit@inbox=\box32
\enitdp@description=\count113
)
(/usr/share/texlive/texmf-dist/tex/latex/tabu/tabu.sty
Package: tabu 2011/02/26 v2.8 - flexible LaTeX tabulars (FC)

(/usr/share/texlive/texmf-dist/tex/latex/tools/array.sty
Package: array 2008/09/09 v2.4c Tabular extension package (FMi)
\col@sep=\dimen119
\extrarowheight=\dimen120
\NC@list=\toks25
\extratabsurround=\skip51
\backup@length=\skip52
)
(/usr/share/texlive/texmf-dist/tex/latex/varwidth/varwidth.sty
Package: varwidth 2009/03/30 ver 0.92;  Variable-width minipages
\@vwid@box=\box33
\sift@deathcycles=\count114
\@vwid@loff=\dimen121
\@vwid@roff=\dimen122
)
\c@taburow=\count115
\tabu@nbcols=\count116
\tabu@cnt=\count117
\tabu@Xcol=\count118
\tabu@alloc=\count119
\tabu@nested=\count120
\tabu@target=\dimen123
\tabu@spreadtarget=\dimen124
\tabu@naturalX=\dimen125
\tabucolX=\dimen126
\tabu@Xsum=\dimen127
\extrarowdepth=\dimen128
\abovetabulinesep=\dimen129
\belowtabulinesep=\dimen130
\tabustrutrule=\dimen131
\tabu@thebody=\toks26
\tabu@footnotes=\toks27
\tabu@box=\box34
\tabu@arstrutbox=\box35
\tabu@hleads=\box36
\tabu@vleads=\box37
\tabu@cellskip=\skip53
)
(/usr/share/texlive/texmf-dist/tex/latex/caption/caption.sty
Package: caption 2013/05/02 v3.3-89 Customizing captions (AR)

(/usr/share/texlive/texmf-dist/tex/latex/caption/caption3.sty
Package: caption3 2013/05/02 v1.6-88 caption3 kernel (AR)
Package caption3 Info: TeX engine: e-TeX on input line 57.
\captionmargin=\dimen132
\captionmargin@=\dimen133
\captionwidth=\dimen134
\caption@tempdima=\dimen135
\caption@indent=\dimen136
\caption@parindent=\dimen137
\caption@hangindent=\dimen138
)
\c@ContinuedFloat=\count121
Package caption Info: float package is loaded.
Package caption Info: hyperref package is loaded.
)
(/usr/share/texlive/texmf-dist/tex/latex/caption/subcaption.sty
Package: subcaption 2013/02/03 v1.1-62 Sub-captions (AR)
\c@subfigure=\count122
\c@subtable=\count123
)
(/usr/share/texlive/texmf-dist/tex/latex/colortbl/colortbl.sty
Package: colortbl 2012/02/13 v1.0a Color table columns (DPC)
\everycr=\toks28
\minrowclearance=\skip54
)
(/usr/share/texmf/tex/latex/pgf/frontendlayer/tikz.sty
(/usr/share/texmf/tex/latex/pgf/basiclayer/pgf.sty
(/usr/share/texmf/tex/latex/pgf/utilities/pgfrcs.sty
(/usr/share/texmf/tex/generic/pgf/utilities/pgfutil-common.tex
\pgfutil@everybye=\toks29
)
(/usr/share/texmf/tex/generic/pgf/utilities/pgfutil-latex.def
\pgfutil@abb=\box38

(/usr/share/texlive/texmf-dist/tex/latex/ms/everyshi.sty
Package: everyshi 2001/05/15 v3.00 EveryShipout Package (MS)
))
(/usr/share/texmf/tex/generic/pgf/utilities/pgfrcs.code.tex
Package: pgfrcs 2010/10/25 v2.10 (rcs-revision 1.24)
))
Package: pgf 2008/01/15 v2.10 (rcs-revision 1.12)

(/usr/share/texmf/tex/latex/pgf/basiclayer/pgfcore.sty
(/usr/share/texmf/tex/latex/pgf/systemlayer/pgfsys.sty
(/usr/share/texmf/tex/generic/pgf/systemlayer/pgfsys.code.tex
Package: pgfsys 2010/06/30 v2.10 (rcs-revision 1.37)

(/usr/share/texmf/tex/generic/pgf/utilities/pgfkeys.code.tex
\pgfkeys@pathtoks=\toks30
\pgfkeys@temptoks=\toks31

(/usr/share/texmf/tex/generic/pgf/utilities/pgfkeysfiltered.code.tex
\pgfkeys@tmptoks=\toks32
))
\pgf@x=\dimen139
\pgf@y=\dimen140
\pgf@xa=\dimen141
\pgf@ya=\dimen142
\pgf@xb=\dimen143
\pgf@yb=\dimen144
\pgf@xc=\dimen145
\pgf@yc=\dimen146
\w@pgf@writea=\write3
\r@pgf@reada=\read2
\c@pgf@counta=\count124
\c@pgf@countb=\count125
\c@pgf@countc=\count126
\c@pgf@countd=\count127

(/usr/share/texmf/tex/generic/pgf/systemlayer/pgf.cfg
File: pgf.cfg 2008/05/14  (rcs-revision 1.7)
)
Package pgfsys Info: Driver file for pgf: pgfsys-pdftex.def on input line 900.

(/usr/share/texmf/tex/generic/pgf/systemlayer/pgfsys-pdftex.def
File: pgfsys-pdftex.def 2009/05/22  (rcs-revision 1.26)

(/usr/share/texmf/tex/generic/pgf/systemlayer/pgfsys-common-pdf.def
File: pgfsys-common-pdf.def 2008/05/19  (rcs-revision 1.10)
)))
(/usr/share/texmf/tex/generic/pgf/systemlayer/pgfsyssoftpath.code.tex
File: pgfsyssoftpath.code.tex 2008/07/18  (rcs-revision 1.7)
\pgfsyssoftpath@smallbuffer@items=\count128
\pgfsyssoftpath@bigbuffer@items=\count129
)
(/usr/share/texmf/tex/generic/pgf/systemlayer/pgfsysprotocol.code.tex
File: pgfsysprotocol.code.tex 2006/10/16  (rcs-revision 1.4)
))
(/usr/share/texmf/tex/generic/pgf/basiclayer/pgfcore.code.tex
Package: pgfcore 2010/04/11 v2.10 (rcs-revision 1.7)

(/usr/share/texmf/tex/generic/pgf/math/pgfmath.code.tex
(/usr/share/texmf/tex/generic/pgf/math/pgfmathcalc.code.tex
(/usr/share/texmf/tex/generic/pgf/math/pgfmathutil.code.tex)
(/usr/share/texmf/tex/generic/pgf/math/pgfmathparser.code.tex
\pgfmath@dimen=\dimen147
\pgfmath@count=\count130
\pgfmath@box=\box39
\pgfmath@toks=\toks33
\pgfmath@stack@operand=\toks34
\pgfmath@stack@operation=\toks35
)
(/usr/share/texmf/tex/generic/pgf/math/pgfmathfunctions.code.tex
(/usr/share/texmf/tex/generic/pgf/math/pgfmathfunctions.basic.code.tex)
(/usr/share/texmf/tex/generic/pgf/math/pgfmathfunctions.trigonometric.code.tex)
(/usr/share/texmf/tex/generic/pgf/math/pgfmathfunctions.random.code.tex)
(/usr/share/texmf/tex/generic/pgf/math/pgfmathfunctions.comparison.code.tex)
(/usr/share/texmf/tex/generic/pgf/math/pgfmathfunctions.base.code.tex)
(/usr/share/texmf/tex/generic/pgf/math/pgfmathfunctions.round.code.tex)
(/usr/share/texmf/tex/generic/pgf/math/pgfmathfunctions.misc.code.tex)))
(/usr/share/texmf/tex/generic/pgf/math/pgfmathfloat.code.tex
\c@pgfmathroundto@lastzeros=\count131
))
(/usr/share/texmf/tex/generic/pgf/basiclayer/pgfcorepoints.code.tex
File: pgfcorepoints.code.tex 2010/04/09  (rcs-revision 1.20)
\pgf@picminx=\dimen148
\pgf@picmaxx=\dimen149
\pgf@picminy=\dimen150
\pgf@picmaxy=\dimen151
\pgf@pathminx=\dimen152
\pgf@pathmaxx=\dimen153
\pgf@pathminy=\dimen154
\pgf@pathmaxy=\dimen155
\pgf@xx=\dimen156
\pgf@xy=\dimen157
\pgf@yx=\dimen158
\pgf@yy=\dimen159
\pgf@zx=\dimen160
\pgf@zy=\dimen161
)
(/usr/share/texmf/tex/generic/pgf/basiclayer/pgfcorepathconstruct.code.tex
File: pgfcorepathconstruct.code.tex 2010/08/03  (rcs-revision 1.24)
\pgf@path@lastx=\dimen162
\pgf@path@lasty=\dimen163
)
(/usr/share/texmf/tex/generic/pgf/basiclayer/pgfcorepathusage.code.tex
File: pgfcorepathusage.code.tex 2008/04/22  (rcs-revision 1.12)
\pgf@shorten@end@additional=\dimen164
\pgf@shorten@start@additional=\dimen165
)
(/usr/share/texmf/tex/generic/pgf/basiclayer/pgfcorescopes.code.tex
File: pgfcorescopes.code.tex 2010/09/08  (rcs-revision 1.34)
\pgfpic=\box40
\pgf@hbox=\box41
\pgf@layerbox@main=\box42
\pgf@picture@serial@count=\count132
)
(/usr/share/texmf/tex/generic/pgf/basiclayer/pgfcoregraphicstate.code.tex
File: pgfcoregraphicstate.code.tex 2008/04/22  (rcs-revision 1.9)
\pgflinewidth=\dimen166
)
(/usr/share/texmf/tex/generic/pgf/basiclayer/pgfcoretransformations.code.tex
File: pgfcoretransformations.code.tex 2009/06/10  (rcs-revision 1.11)
\pgf@pt@x=\dimen167
\pgf@pt@y=\dimen168
\pgf@pt@temp=\dimen169
)
(/usr/share/texmf/tex/generic/pgf/basiclayer/pgfcorequick.code.tex
File: pgfcorequick.code.tex 2008/10/09  (rcs-revision 1.3)
)
(/usr/share/texmf/tex/generic/pgf/basiclayer/pgfcoreobjects.code.tex
File: pgfcoreobjects.code.tex 2006/10/11  (rcs-revision 1.2)
)
(/usr/share/texmf/tex/generic/pgf/basiclayer/pgfcorepathprocessing.code.tex
File: pgfcorepathprocessing.code.tex 2008/10/09  (rcs-revision 1.8)
)
(/usr/share/texmf/tex/generic/pgf/basiclayer/pgfcorearrows.code.tex
File: pgfcorearrows.code.tex 2008/04/23  (rcs-revision 1.11)
)
(/usr/share/texmf/tex/generic/pgf/basiclayer/pgfcoreshade.code.tex
File: pgfcoreshade.code.tex 2008/11/23  (rcs-revision 1.13)
\pgf@max=\dimen170
\pgf@sys@shading@range@num=\count133
)
(/usr/share/texmf/tex/generic/pgf/basiclayer/pgfcoreimage.code.tex
File: pgfcoreimage.code.tex 2010/03/25  (rcs-revision 1.16)

(/usr/share/texmf/tex/generic/pgf/basiclayer/pgfcoreexternal.code.tex
File: pgfcoreexternal.code.tex 2010/09/01  (rcs-revision 1.17)
\pgfexternal@startupbox=\box43
))
(/usr/share/texmf/tex/generic/pgf/basiclayer/pgfcorelayers.code.tex
File: pgfcorelayers.code.tex 2010/08/27  (rcs-revision 1.2)
)
(/usr/share/texmf/tex/generic/pgf/basiclayer/pgfcoretransparency.code.tex
File: pgfcoretransparency.code.tex 2008/01/17  (rcs-revision 1.2)
)
(/usr/share/texmf/tex/generic/pgf/basiclayer/pgfcorepatterns.code.tex
File: pgfcorepatterns.code.tex 2009/07/02  (rcs-revision 1.3)
)))
(/usr/share/texmf/tex/generic/pgf/modules/pgfmoduleshapes.code.tex
File: pgfmoduleshapes.code.tex 2010/09/09  (rcs-revision 1.13)
\pgfnodeparttextbox=\box44
)
(/usr/share/texmf/tex/generic/pgf/modules/pgfmoduleplot.code.tex
File: pgfmoduleplot.code.tex 2010/10/22  (rcs-revision 1.8)
)
(/usr/share/texmf/tex/latex/pgf/compatibility/pgfcomp-version-0-65.sty
Package: pgfcomp-version-0-65 2007/07/03 v2.10 (rcs-revision 1.7)
\pgf@nodesepstart=\dimen171
\pgf@nodesepend=\dimen172
)
(/usr/share/texmf/tex/latex/pgf/compatibility/pgfcomp-version-1-18.sty
Package: pgfcomp-version-1-18 2007/07/23 v2.10 (rcs-revision 1.1)
))
(/usr/share/texmf/tex/latex/pgf/utilities/pgffor.sty
(/usr/share/texmf/tex/latex/pgf/utilities/pgfkeys.sty
(/usr/share/texmf/tex/generic/pgf/utilities/pgfkeys.code.tex))
(/usr/share/texmf/tex/generic/pgf/utilities/pgffor.code.tex
Package: pgffor 2010/03/23 v2.10 (rcs-revision 1.18)
\pgffor@iter=\dimen173
\pgffor@skip=\dimen174
\pgffor@stack=\toks36
\pgffor@toks=\toks37
))
(/usr/share/texmf/tex/generic/pgf/frontendlayer/tikz/tikz.code.tex
Package: tikz 2010/10/13 v2.10 (rcs-revision 1.76)

(/usr/share/texmf/tex/generic/pgf/libraries/pgflibraryplothandlers.code.tex
File: pgflibraryplothandlers.code.tex 2010/05/31 v2.10 (rcs-revision 1.15)
\pgf@plot@mark@count=\count134
\pgfplotmarksize=\dimen175
)
\tikz@lastx=\dimen176
\tikz@lasty=\dimen177
\tikz@lastxsaved=\dimen178
\tikz@lastysaved=\dimen179
\tikzleveldistance=\dimen180
\tikzsiblingdistance=\dimen181
\tikz@figbox=\box45
\tikz@tempbox=\box46
\tikztreelevel=\count135
\tikznumberofchildren=\count136
\tikznumberofcurrentchild=\count137
\tikz@fig@count=\count138

(/usr/share/texmf/tex/generic/pgf/modules/pgfmodulematrix.code.tex
File: pgfmodulematrix.code.tex 2010/08/24  (rcs-revision 1.4)
\pgfmatrixcurrentrow=\count139
\pgfmatrixcurrentcolumn=\count140
\pgf@matrix@numberofcolumns=\count141
)
\tikz@expandcount=\count142

(/usr/share/texmf/tex/generic/pgf/frontendlayer/tikz/libraries/tikzlibrarytopat
hs.code.tex
File: tikzlibrarytopaths.code.tex 2008/06/17 v2.10 (rcs-revision 1.2)
)))
(/usr/share/texlive/texmf-dist/tex/latex/algorithms/algorithm.sty
Package: algorithm 2009/08/24 v0.1 Document Style `algorithm' - floating enviro
nment

(/usr/share/texlive/texmf-dist/tex/latex/base/ifthen.sty
Package: ifthen 2001/05/26 v1.1c Standard LaTeX ifthen package (DPC)
)
\@float@every@algorithm=\toks38
\c@algorithm=\count143
) (./algorithmic.sty
Package: algorithmic 

Document Style `algorithmic' - environment
(/usr/share/texlive/texmf-dist/tex/latex/tools/calc.sty
Package: calc 2007/08/22 v4.3 Infix arithmetic (KKT,FJ)
\calc@Acount=\count144
\calc@Bcount=\count145
\calc@Adimen=\dimen182
\calc@Bdimen=\dimen183
\calc@Askip=\skip55
\calc@Bskip=\skip56
LaTeX Info: Redefining \setlength on input line 76.
LaTeX Info: Redefining \addtolength on input line 77.
\calc@Ccount=\count146
\calc@Cskip=\skip57
)
\c@ALC@line=\count147
\c@ALC@rem=\count148
\ALC@tlm=\skip58
)
(/usr/share/texlive/texmf-dist/tex/latex/algorithmicx/algpseudocode.sty
Package: algpseudocode 

(/usr/share/texlive/texmf-dist/tex/latex/algorithmicx/algorithmicx.sty
Package: algorithmicx 2005/04/27 v1.2 Algorithmicx

Document Style algorithmicx 1.2 - a greatly improved `algorithmic' style
\c@ALG@line=\count149
\c@ALG@rem=\count150
\c@ALG@nested=\count151
\ALG@tlm=\skip59
\ALG@thistlm=\skip60
\c@ALG@Lnr=\count152
\c@ALG@blocknr=\count153
\c@ALG@storecount=\count154
\c@ALG@tmpcounter=\count155
\ALG@tmplength=\skip61

! LaTeX Error: Command \algorithmic already defined.
               Or name \end... illegal, see p.192 of the manual.

See the LaTeX manual or LaTeX Companion for explanation.
Type  H <return>  for immediate help.
 ...                                              
                                                  
l.112    }
          %
? 
)
Document Style - pseudocode environments for use with the `algorithmicx' style
) (/usr/share/texlive/texmf-dist/tex/latex/l3packages/xparse/xparse.sty
(/usr/share/texlive/texmf-dist/tex/latex/l3kernel/expl3.sty
(/usr/share/texlive/texmf-dist/tex/latex/l3kernel/l3names.sty
(/usr/share/texlive/texmf-dist/tex/latex/l3kernel/l3bootstrap.sty
Package: l3bootstrap 2014/01/04 v4640 L3 Experimental bootstrap code
)
Package: l3names 2014/01/04 v4640 L3 Namespace for primitives
)
(/usr/share/texlive/texmf-dist/tex/latex/etex-pkg/etex.sty
Package: etex 1998/03/26 v2.0 eTeX basic definition package (PEB)
\et@xins=\count156
)
Package: expl3 2014/01/07 v4646 L3 Experimental code bundle wrapper

(/usr/share/texlive/texmf-dist/tex/latex/l3kernel/l3basics.sty
Package: l3basics 2014/01/04 v4642 L3 Basic definitions
)
(/usr/share/texlive/texmf-dist/tex/latex/l3kernel/l3expan.sty
Package: l3expan 2014/01/04 v4642 L3 Argument expansion
)
(/usr/share/texlive/texmf-dist/tex/latex/l3kernel/l3tl.sty
Package: l3tl 2013/12/27 v4625 L3 Token lists
)
(/usr/share/texlive/texmf-dist/tex/latex/l3kernel/l3seq.sty
Package: l3seq 2013/12/14 v4623 L3 Sequences and stacks
)
(/usr/share/texlive/texmf-dist/tex/latex/l3kernel/l3int.sty
Package: l3int 2013/08/02 v4583 L3 Integers
\c_max_int=\count157
\l_tmpa_int=\count158
\l_tmpb_int=\count159
\g_tmpa_int=\count160
\g_tmpb_int=\count161
)
(/usr/share/texlive/texmf-dist/tex/latex/l3kernel/l3quark.sty
Package: l3quark 2013/12/14 v4623 L3 Quarks
)
(/usr/share/texlive/texmf-dist/tex/latex/l3kernel/l3prg.sty
Package: l3prg 2014/01/04 v4642 L3 Control structures
\g__prg_map_int=\count162
)
(/usr/share/texlive/texmf-dist/tex/latex/l3kernel/l3clist.sty
Package: l3clist 2013/07/28 v4581 L3 Comma separated lists
)
(/usr/share/texlive/texmf-dist/tex/latex/l3kernel/l3token.sty
Package: l3token 2013/08/25 v4587 L3 Experimental token manipulation
)
(/usr/share/texlive/texmf-dist/tex/latex/l3kernel/l3prop.sty
Package: l3prop 2013/12/14 v4623 L3 Property lists
)
(/usr/share/texlive/texmf-dist/tex/latex/l3kernel/l3msg.sty
Package: l3msg 2013/07/28 v4581 L3 Messages
)
(/usr/share/texlive/texmf-dist/tex/latex/l3kernel/l3file.sty
Package: l3file 2013/10/13 v4596 L3 File and I/O operations
\l_iow_line_count_int=\count163
\l__iow_target_count_int=\count164
\l__iow_current_line_int=\count165
\l__iow_current_word_int=\count166
\l__iow_current_indentation_int=\count167
)
(/usr/share/texlive/texmf-dist/tex/latex/l3kernel/l3skip.sty
Package: l3skip 2013/07/28 v4581 L3 Dimensions and skips
\c_zero_dim=\dimen184
\c_max_dim=\dimen185
\l_tmpa_dim=\dimen186
\l_tmpb_dim=\dimen187
\g_tmpa_dim=\dimen188
\g_tmpb_dim=\dimen189
\c_zero_skip=\skip62
\c_max_skip=\skip63
\l_tmpa_skip=\skip64
\l_tmpb_skip=\skip65
\g_tmpa_skip=\skip66
\g_tmpb_skip=\skip67
\c_zero_muskip=\muskip12
\c_max_muskip=\muskip13
\l_tmpa_muskip=\muskip14
\l_tmpb_muskip=\muskip15
\g_tmpa_muskip=\muskip16
\g_tmpb_muskip=\muskip17
)
(/usr/share/texlive/texmf-dist/tex/latex/l3kernel/l3keys.sty
Package: l3keys 2013/12/08 v4614 L3 Experimental key-value interfaces
\g__keyval_level_int=\count168
\l_keys_choice_int=\count169
)
(/usr/share/texlive/texmf-dist/tex/latex/l3kernel/l3fp.sty
Package: l3fp 2014/01/04 v4642 L3 Floating points
\c__fp_leading_shift_int=\count170
\c__fp_middle_shift_int=\count171
\c__fp_trailing_shift_int=\count172
\c__fp_big_leading_shift_int=\count173
\c__fp_big_middle_shift_int=\count174
\c__fp_big_trailing_shift_int=\count175
\c__fp_Bigg_leading_shift_int=\count176
\c__fp_Bigg_middle_shift_int=\count177
\c__fp_Bigg_trailing_shift_int=\count178
)
(/usr/share/texlive/texmf-dist/tex/latex/l3kernel/l3box.sty
Package: l3box 2013/07/28 v4581 L3 Experimental boxes
\c_empty_box=\box47
\l_tmpa_box=\box48
\l_tmpb_box=\box49
\g_tmpa_box=\box50
\g_tmpb_box=\box51
)
(/usr/share/texlive/texmf-dist/tex/latex/l3kernel/l3coffins.sty
Package: l3coffins 2013/12/14 v4624 L3 Coffin code layer
\l__coffin_internal_box=\box52
\l__coffin_internal_dim=\dimen190
\l__coffin_offset_x_dim=\dimen191
\l__coffin_offset_y_dim=\dimen192
\l__coffin_x_dim=\dimen193
\l__coffin_y_dim=\dimen194
\l__coffin_x_prime_dim=\dimen195
\l__coffin_y_prime_dim=\dimen196
\c_empty_coffin=\box53
\l__coffin_aligned_coffin=\box54
\l__coffin_aligned_internal_coffin=\box55
\l_tmpa_coffin=\box56
\l_tmpb_coffin=\box57
\l__coffin_display_coffin=\box58
\l__coffin_display_coord_coffin=\box59
\l__coffin_display_pole_coffin=\box60
\l__coffin_display_offset_dim=\dimen197
\l__coffin_display_x_dim=\dimen198
\l__coffin_display_y_dim=\dimen199
)
(/usr/share/texlive/texmf-dist/tex/latex/l3kernel/l3color.sty
Package: l3color 2012/08/29 v4156 L3 Experimental color support
)
(/usr/share/texlive/texmf-dist/tex/latex/l3kernel/l3luatex.sty
Package: l3luatex 2013/07/28 v4581 L3 Experimental LuaTeX-specific functions
\g__cctab_allocate_int=\count179
\g__cctab_stack_int=\count180
)
(/usr/share/texlive/texmf-dist/tex/latex/l3kernel/l3candidates.sty
Package: l3candidates 2014/01/06 v4643 L3 Experimental additions to l3kernel
\l__box_top_dim=\dimen200
\l__box_bottom_dim=\dimen201
Normal \dimen register pool exhausted, switching to extended pool.
\l__box_left_dim=\dimen256
\l__box_right_dim=\dimen257
\l__box_top_new_dim=\dimen258
\l__box_bottom_new_dim=\dimen259
\l__box_left_new_dim=\dimen260
\l__box_right_new_dim=\dimen261
\l__box_internal_box=\box61
\l__coffin_bounding_shift_dim=\dimen262
\l__coffin_left_corner_dim=\dimen263
\l__coffin_right_corner_dim=\dimen264
\l__coffin_bottom_corner_dim=\dimen265
\l__coffin_top_corner_dim=\dimen266
\l__coffin_scaled_total_height_dim=\dimen267
\l__coffin_scaled_width_dim=\dimen268
))
Package: xparse 2013/12/31 v4634 L3 Experimental document command parser
\l__xparse_current_arg_int=\count181
\l__xparse_m_args_int=\count182
\l__xparse_mandatory_args_int=\count183
\l__xparse_processor_int=\count184
\l__xparse_v_nesting_int=\count185
)
(/usr/share/texmf/tex/generic/pgf/frontendlayer/tikz/libraries/tikzlibraryposit
ioning.code.tex
File: tikzlibrarypositioning.code.tex 2008/10/06 v2.10 (rcs-revision 1.7)
) (/usr/share/texlive/texmf-dist/tex/latex/base/fontenc.sty
Package: fontenc 2005/09/27 v1.99g Standard LaTeX package

(/usr/share/texlive/texmf-dist/tex/latex/base/t1enc.def
File: t1enc.def 2005/09/27 v1.99g Standard LaTeX file
LaTeX Font Info:    Redeclaring font encoding T1 on input line 43.
))
(/usr/share/texlive/texmf-dist/tex/latex/booktabs/booktabs.sty
Package: booktabs 2005/04/14 v1.61803 publication quality tables
\heavyrulewidth=\dimen269
\lightrulewidth=\dimen270
\cmidrulewidth=\dimen271
\belowrulesep=\dimen272
\belowbottomsep=\dimen273
\aboverulesep=\dimen274
\abovetopsep=\dimen275
\cmidrulesep=\dimen276
\cmidrulekern=\dimen277
\defaultaddspace=\dimen278
\@cmidla=\count186
\@cmidlb=\count187
\@aboverulesep=\dimen279
\@belowrulesep=\dimen280
\@thisruleclass=\count188
\@lastruleclass=\count189
\@thisrulewidth=\dimen281
)
(/usr/share/texlive/texmf-dist/tex/latex/multirow/multirow.sty
\bigstrutjot=\dimen282
)
(/usr/share/texlive/texmf-dist/tex/latex/todonotes/todonotes.sty
Package: todonotes 2012/07/25 .dtx Todonotes source and documentation.
Package: todonotes 2012/07/25

(/usr/share/texlive/texmf-dist/tex/latex/xkeyval/xkeyval.sty
Package: xkeyval 2012/10/14 v2.6b package option processing (HA)

(/usr/share/texlive/texmf-dist/tex/generic/xkeyval/xkeyval.tex
\XKV@toks=\toks39
\XKV@tempa@toks=\toks40
\XKV@depth=\count190
File: xkeyval.tex 2012/10/14 v2.6b key=value parser (HA)
))
\c@@todonotes@numberoftodonotes=\count191
)
.................................................
. LaTeX info: "xparse/define-command"
. 
. Defining document command \particles with arg. spec. ' O{} O{} O{}' on line
. 85.
.................................................
.................................................
. LaTeX info: "xparse/define-command"
. 
. Defining document command \particle with arg. spec. ' O{} O{} O{}' on line
. 87.
.................................................

(/usr/share/texlive/texmf-dist/tex/latex/geometry/geometry.sty
Package: geometry 2010/09/12 v5.6 Page Geometry
\Gm@cnth=\count192
\Gm@cntv=\count193
\c@Gm@tempcnt=\count194
\Gm@bindingoffset=\dimen283
\Gm@wd@mp=\dimen284
\Gm@odd@mp=\dimen285
\Gm@even@mp=\dimen286
\Gm@layoutwidth=\dimen287
\Gm@layoutheight=\dimen288
\Gm@layouthoffset=\dimen289
\Gm@layoutvoffset=\dimen290
\Gm@dimlist=\toks41
) (./thesis.aux)
\openout1 = `thesis.aux'.

LaTeX Font Info:    Checking defaults for OML/cmm/m/it on input line 113.
LaTeX Font Info:    ... okay on input line 113.
LaTeX Font Info:    Checking defaults for T1/cmr/m/n on input line 113.
LaTeX Font Info:    ... okay on input line 113.
LaTeX Font Info:    Checking defaults for OT1/cmr/m/n on input line 113.
LaTeX Font Info:    ... okay on input line 113.
LaTeX Font Info:    Checking defaults for OMS/cmsy/m/n on input line 113.
LaTeX Font Info:    ... okay on input line 113.
LaTeX Font Info:    Checking defaults for OMX/cmex/m/n on input line 113.
LaTeX Font Info:    ... okay on input line 113.
LaTeX Font Info:    Checking defaults for U/cmr/m/n on input line 113.
LaTeX Font Info:    ... okay on input line 113.
LaTeX Font Info:    Checking defaults for PD1/pdf/m/n on input line 113.
LaTeX Font Info:    ... okay on input line 113.
LaTeX Font Info:    Try loading font information for T1+ptm on input line 113.

(/usr/share/texlive/texmf-dist/tex/latex/psnfss/t1ptm.fd
File: t1ptm.fd 2001/06/04 font definitions for T1/ptm.
)
(/usr/share/texlive/texmf-dist/tex/context/base/supp-pdf.mkii
[Loading MPS to PDF converter (version 2006.09.02).]
\scratchcounter=\count195
\scratchdimen=\dimen291
\scratchbox=\box62
\nofMPsegments=\count196
\nofMParguments=\count197
\everyMPshowfont=\toks42
\MPscratchCnt=\count198
\MPscratchDim=\dimen292
\MPnumerator=\count199
\makeMPintoPDFobject=\count200
\everyMPtoPDFconversion=\toks43
) (/usr/share/texlive/texmf-dist/tex/latex/oberdiek/epstopdf-base.sty
Package: epstopdf-base 2010/02/09 v2.5 Base part for package epstopdf

(/usr/share/texlive/texmf-dist/tex/latex/oberdiek/grfext.sty
Package: grfext 2010/08/19 v1.1 Manage graphics extensions (HO)
)
Package grfext Info: Graphics extension search list:
(grfext)             [.png,.pdf,.jpg,.mps,.jpeg,.jbig2,.jb2,.PNG,.PDF,.JPG,.JPE
G,.JBIG2,.JB2,.eps]
(grfext)             \AppendGraphicsExtensions on input line 452.

(/usr/share/texlive/texmf-dist/tex/latex/latexconfig/epstopdf-sys.cfg
File: epstopdf-sys.cfg 2010/07/13 v1.3 Configuration of (r)epstopdf for TeX Liv
e
))
\AtBeginShipoutBox=\box63
Package backref Info: ** backref set up for natbib ** on input line 113.
Package hyperref Info: Link coloring OFF on input line 113.

(/usr/share/texlive/texmf-dist/tex/latex/hyperref/nameref.sty
Package: nameref 2012/10/27 v2.43 Cross-referencing by name of section

(/usr/share/texlive/texmf-dist/tex/generic/oberdiek/gettitlestring.sty
Package: gettitlestring 2010/12/03 v1.4 Cleanup title references (HO)
)
\c@section@level=\count201
)
LaTeX Info: Redefining \ref on input line 113.
LaTeX Info: Redefining \pageref on input line 113.
LaTeX Info: Redefining \nameref on input line 113.

(./thesis.out) (./thesis.out)
\@outlinefile=\write4
\openout4 = `thesis.out'.

LaTeX Info: Redefining \celsius on input line 113.
Package gensymb Info: Faking symbols for \degree and \celsius on input line 113
.


Package gensymb Warning: Not defining \perthousand.

LaTeX Info: Redefining \ohm on input line 113.
Package gensymb Info: Using \Omega for \ohm on input line 113.

Package gensymb Warning: Not defining \micro.

Package caption Info: Begin \AtBeginDocument code.
Package caption Info: End \AtBeginDocument code.
ABD: EveryShipout initializing macros
*geometry* driver: auto-detecting
*geometry* detected driver: pdftex
*geometry* verbose mode - [ preamble ] result:
* driver: pdftex
* paper: letterpaper
* layout: <same size as paper>
* layoutoffset:(h,v)=(0.0pt,0.0pt)
* hratio: 1:1
* modes: twoside 
* h-part:(L,W,R)=(76.78688pt, 460.72124pt, 76.78688pt)
* v-part:(T,H,B)=(63.59662pt, 635.97841pt, 95.39496pt)
* \paperwidth=614.295pt
* \paperheight=794.96999pt
* \textwidth=460.72124pt
* \textheight=635.97841pt
* \oddsidemargin=4.51689pt
* \evensidemargin=4.51689pt
* \topmargin=-8.67337pt
* \headheight=0.0pt
* \headsep=0.0pt
* \topskip=12.0pt
* \footskip=30.0pt
* \marginparwidth=0.0pt
* \marginparsep=0.0pt
* \columnsep=10.0pt
* \skip\footins=10.8pt plus 4.0pt minus 2.0pt
* \hoffset=0.0pt
* \voffset=0.0pt
* \mag=1000
* \@twocolumnfalse
* \@twosidetrue
* \@mparswitchtrue
* \@reversemarginfalse
* (1in=72.27pt=25.4mm, 1cm=28.453pt)

\@cutoutvskip=\skip68
LaTeX Font Info:    Font shape `T1/ptm/bx/n' in size <17.28> not available
(Font)              Font shape `T1/ptm/b/n' tried instead on input line 141.
LaTeX Font Info:    Try loading font information for U+msa on input line 141.
(/usr/share/texlive/texmf-dist/tex/latex/amsfonts/umsa.fd
File: umsa.fd 2013/01/14 v3.01 AMS symbols A
)
LaTeX Font Info:    Try loading font information for U+msb on input line 141.

(/usr/share/texlive/texmf-dist/tex/latex/amsfonts/umsb.fd
File: umsb.fd 2013/01/14 v3.01 AMS symbols B
)
LaTeX Font Info:    Font shape `T1/ptm/bx/n' in size <12> not available
(Font)              Font shape `T1/ptm/b/n' tried instead on input line 141.
LaTeX Font Info:    Try loading font information for OMS+ptm on input line 141.


(/usr/share/texlive/texmf-dist/tex/latex/psnfss/omsptm.fd
File: omsptm.fd 
)
LaTeX Font Info:    Font shape `OMS/ptm/m/n' in size <10.95> not available
(Font)              Font shape `OMS/cmsy/m/n' tried instead on input line 141.
 [1{/var/lib/texmf/fonts/map/pdftex/updmap/pdftex.map}


] [2


]
LaTeX Font Info:    Font shape `T1/ptm/bx/n' in size <14.4> not available
(Font)              Font shape `T1/ptm/b/n' tried instead on input line 151.
 [3

] [4


] [5] [6


]
LaTeX Font Info:    Font shape `T1/ptm/bx/n' in size <24.88> not available
(Font)              Font shape `T1/ptm/b/n' tried instead on input line 163.
 (./thesis.toc)
\tf@toc=\write5
\openout5 = `thesis.toc'.

 [7]
[8

] (./thesis.lof)
\tf@lof=\write6
\openout6 = `thesis.lof'.

 [9] [10

] (./thesis.lot)
\tf@lot=\write7
\openout7 = `thesis.lot'.

 [11] [12

]
Chapter 1.
(./Introduction/intro.tex

Package natbib Warning: Citation `deepdriving' on page 1 undefined on input lin
e 14.


Package natbib Warning: Citation `nvidiacar' on page 1 undefined on input line 
14.


Package natbib Warning: Citation `endtoendcars' on page 1 undefined on input li
ne 14.


Package natbib Warning: Citation `ross2011reduction' on page 1 undefined on inp
ut line 16.


Package natbib Warning: Citation `mnih2013playing' on page 1 undefined on input
 line 16.


Package natbib Warning: Citation `mnih2015human' on page 1 undefined on input l
ine 16.


Package natbib Warning: Citation `2016-TOG-deepRL' on page 1 undefined on input
 line 16.


Package natbib Warning: Citation `multimodaltartan' on page 1 undefined on inpu
t line 19.


Package natbib Warning: Citation `elfring2016multisensor' on page 1 undefined o
n input line 19.


Package natbib Warning: Citation `cho2014multi' on page 1 undefined on input li
ne 19.


Package natbib Warning: Citation `darms2008classification' on page 1 undefined 
on input line 19.


Package natbib Warning: Citation `qureshi2016robot' on page 1 undefined on inpu
t line 22.


Package natbib Warning: Citation `levine2016end' on page 1 undefined on input l
ine 22.


Package natbib Warning: Citation `mirowski2017a' on page 1 undefined on input l
ine 22.


Package natbib Warning: Citation `wymann2000torcs' on page 1 undefined on input
 line 26.


Package natbib Warning: Citation `CDQN' on page 1 undefined on input line 26.


Package natbib Warning: Citation `DBLP:journals/corr/LillicrapHPHETS15' on page
 1 undefined on input line 26.

[1

]

Package natbib Warning: Citation `dropout' on page 2 undefined on input line 32
.


Package natbib Warning: Citation `blockout' on page 2 undefined on input line 3
2.


Package natbib Warning: Citation `dropconnect' on page 2 undefined on input lin
e 32.


Package natbib Warning: Citation `zoneout' on page 2 undefined on input line 32
.


Package natbib Warning: Citation `moddrop' on page 2 undefined on input line 32
.


Package natbib Warning: Citation `modout' on page 2 undefined on input line 32.


) [2]
Chapter 2.
(./RRTPlanner/rrtplanner.tex) [3

] [4

]
Chapter 3.
(./DIRL/dirl.tex) [5] [6

]
Chapter 4.
(./MultimodalDRL/multimodalDRL.tex

Package natbib Warning: Citation `deepdriving' on page 7 undefined on input lin
e 16.


Package natbib Warning: Citation `nvidiacar' on page 7 undefined on input line 
16.


Package natbib Warning: Citation `endtoendcars' on page 7 undefined on input li
ne 16.


Package natbib Warning: Citation `ross2011reduction' on page 7 undefined on inp
ut line 18.


Package natbib Warning: Citation `mnih2013playing' on page 7 undefined on input
 line 18.


Package natbib Warning: Citation `mnih2015human' on page 7 undefined on input l
ine 18.


Package natbib Warning: Citation `2016-TOG-deepRL' on page 7 undefined on input
 line 18.


Package natbib Warning: Citation `multimodaltartan' on page 7 undefined on inpu
t line 21.


Package natbib Warning: Citation `elfring2016multisensor' on page 7 undefined o
n input line 21.


Package natbib Warning: Citation `cho2014multi' on page 7 undefined on input li
ne 21.


Package natbib Warning: Citation `darms2008classification' on page 7 undefined 
on input line 21.


Package natbib Warning: Citation `qureshi2016robot' on page 7 undefined on inpu
t line 24.


Package natbib Warning: Citation `levine2016end' on page 7 undefined on input l
ine 24.


Package natbib Warning: Citation `mirowski2017a' on page 7 undefined on input l
ine 24.

[7]

Package natbib Warning: Citation `wymann2000torcs' on page 8 undefined on input
 line 28.


Package natbib Warning: Citation `CDQN' on page 8 undefined on input line 28.


Package natbib Warning: Citation `DBLP:journals/corr/LillicrapHPHETS15' on page
 8 undefined on input line 28.


Package natbib Warning: Citation `dropout' on page 8 undefined on input line 34
.


Package natbib Warning: Citation `blockout' on page 8 undefined on input line 3
4.


Package natbib Warning: Citation `dropconnect' on page 8 undefined on input lin
e 34.


Package natbib Warning: Citation `zoneout' on page 8 undefined on input line 34
.


Package natbib Warning: Citation `moddrop' on page 8 undefined on input line 34
.


Package natbib Warning: Citation `modout' on page 8 undefined on input line 34.


[8]

Package natbib Warning: Citation `mnih2013playing' on page 9 undefined on input
 line 67.


Package natbib Warning: Citation `DBLP:journals/corr/LillicrapHPHETS15' on page
 9 undefined on input line 67.


Package natbib Warning: Citation `A3C' on page 9 undefined on input line 67.


Package natbib Warning: Citation `CDQN' on page 9 undefined on input line 67.


Package natbib Warning: Citation `TRPO' on page 9 undefined on input line 67.


Package natbib Warning: Citation `sutton1999policy' on page 9 undefined on inpu
t line 77.


Package natbib Warning: Citation `CDQN' on page 9 undefined on input line 89.

[9]
Package epstopdf Info: Source file: <./MultimodalDRL/fig/naf_ddpg.eps>
(epstopdf)                    date: 2017-05-02 21:06:18
(epstopdf)                    size: 136901 bytes
(epstopdf)             Output file: <./MultimodalDRL/fig/naf_ddpg-eps-converted
-to.pdf>
(epstopdf)                    date: 2017-05-02 17:07:54
(epstopdf)                    size: 49468 bytes
(epstopdf)             Command: <repstopdf --outfile=./MultimodalDRL/fig/naf_dd
pg-eps-converted-to.pdf ./MultimodalDRL/fig/naf_ddpg.eps>
(epstopdf)             \includegraphics on input line 101.
runsystem(repstopdf --outfile=./MultimodalDRL/fig/naf_ddpg-eps-converted-to.pdf
 ./MultimodalDRL/fig/naf_ddpg.eps)...executed safely (allowed).

Package epstopdf Info: Result file: <./MultimodalDRL/fig/naf_ddpg-eps-converted
-to.pdf>
(epstopdf)                    date: 2017-05-02 17:11:13
(epstopdf)                    size: 49468 bytes.

<./MultimodalDRL/fig/naf_ddpg-eps-converted-to.pdf, id=250, 1023.825pt x 1324.9
5pt>
File: ./MultimodalDRL/fig/naf_ddpg-eps-converted-to.pdf Graphic file (type pdf)

 <use ./MultimodalDRL/fig/naf_ddpg-eps-converted-to.pdf>
Package pdftex.def Info: ./MultimodalDRL/fig/naf_ddpg-eps-converted-to.pdf used
 on input line 101.
(pdftex.def)             Requested size: 460.72124pt x 194.28256pt.


Package natbib Warning: Citation `dpg' on page 10 undefined on input line 111.


Package natbib Warning: Citation `dpg' on page 10 undefined on input line 116.


Package natbib Warning: Citation `DBLP:journals/corr/LillicrapHPHETS15' on page
 10 undefined on input line 120.


Package natbib Warning: Citation `mnih2015human' on page 10 undefined on input 
line 120.


Package natbib Warning: Citation `mnih2015human' on page 10 undefined on input 
line 120.


Package natbib Warning: Citation `uhlenbeck1930theory' on page 10 undefined on 
input line 120.

[10 <./MultimodalDRL/fig/naf_ddpg-eps-converted-to.pdf>]

Package natbib Warning: Citation `hudda2013self' on page 11 undefined on input 
line 129.

Package epstopdf Info: Source file: <./MultimodalDRL/fig/sd.eps>
(epstopdf)                    date: 2017-05-02 21:06:18
(epstopdf)                    size: 172563 bytes
(epstopdf)             Output file: <./MultimodalDRL/fig/sd-eps-converted-to.pd
f>
(epstopdf)                    date: 2017-05-02 17:07:54
(epstopdf)                    size: 47825 bytes
(epstopdf)             Command: <repstopdf --outfile=./MultimodalDRL/fig/sd-eps
-converted-to.pdf ./MultimodalDRL/fig/sd.eps>
(epstopdf)             \includegraphics on input line 151.
runsystem(repstopdf --outfile=./MultimodalDRL/fig/sd-eps-converted-to.pdf ./Mul
timodalDRL/fig/sd.eps)...executed safely (allowed).

Package epstopdf Info: Result file: <./MultimodalDRL/fig/sd-eps-converted-to.pd
f>
(epstopdf)                    date: 2017-05-02 17:11:13
(epstopdf)                    size: 47825 bytes.

<./MultimodalDRL/fig/sd-eps-converted-to.pdf, id=267, 1950.28625pt x 1324.95pt>
File: ./MultimodalDRL/fig/sd-eps-converted-to.pdf Graphic file (type pdf)
<use ./MultimodalDRL/fig/sd-eps-converted-to.pdf>
Package pdftex.def Info: ./MultimodalDRL/fig/sd-eps-converted-to.pdf used on in
put line 151.
(pdftex.def)             Requested size: 460.72124pt x 219.63058pt.


Package natbib Warning: Citation `dropout' on page 11 undefined on input line 1
70.

[11]

Package natbib Warning: Citation `dropout' on page 12 undefined on input line 1
76.


Package natbib Warning: Citation `dropout' on page 12 undefined on input line 1
91.

[12 <./MultimodalDRL/fig/sd-eps-converted-to.pdf>]
Package hyperref Info: bookmark level for unknown algorithm defaults to 0 on in
put line 209.

! Missing number, treated as zero.
<to be read again> 
                   \ALG@currentblock@0 
l.232 \end{algorithmic}
                       
? 
! Missing = inserted for \ifnum.
<to be read again> 
                   \ALG@currentblock@0 
l.232 \end{algorithmic}
                       
? 
! Missing number, treated as zero.
<to be read again> 
                   \ALG@currentblock@0 
l.232 \end{algorithmic}
                       
? 
[13]

Package natbib Warning: Citation `wymann2000torcs' on page 14 undefined on inpu
t line 246.


Package natbib Warning: Citation `wymann2000torcs' on page 14 undefined on inpu
t line 254.


Package natbib Warning: Citation `GymTORCS' on page 14 undefined on input line 
254.


Package natbib Warning: Citation `uhlenbeck1930theory' on page 14 undefined on 
input line 258.


Package natbib Warning: Citation `DBLP:journals/corr/LillicrapHPHETS15' on page
 14 undefined on input line 259.


Package natbib Warning: Citation `A3C' on page 14 undefined on input line 259.


Package natbib Warning: Citation `BenLau16' on page 14 undefined on input line 
259.


Overfull \hbox (0.37169pt too wide) in paragraph at lines 257--260
[]\T1/ptm/b/n/12 Exploration and Re-ward: \T1/ptm/m/n/12 An ex-plo-ration strat
-egy is in-jected adding an Ornstein-Uhlenbeck
 []

Package epstopdf Info: Source file: <./MultimodalDRL/fig/training_exp_naf.eps>
(epstopdf)                    date: 2017-05-02 21:06:18
(epstopdf)                    size: 87763 bytes
(epstopdf)             Output file: <./MultimodalDRL/fig/training_exp_naf-eps-c
onverted-to.pdf>
(epstopdf)                    date: 2017-05-02 17:07:55
(epstopdf)                    size: 82435 bytes
(epstopdf)             Command: <repstopdf --outfile=./MultimodalDRL/fig/traini
ng_exp_naf-eps-converted-to.pdf ./MultimodalDRL/fig/training_exp_naf.eps>
(epstopdf)             \includegraphics on input line 264.
runsystem(repstopdf --outfile=./MultimodalDRL/fig/training_exp_naf-eps-converte
d-to.pdf ./MultimodalDRL/fig/training_exp_naf.eps)...executed safely (allowed).

Package epstopdf Info: Result file: <./MultimodalDRL/fig/training_exp_naf-eps-c
onverted-to.pdf>
(epstopdf)                    date: 2017-05-02 17:11:18
(epstopdf)                    size: 82435 bytes.

<./MultimodalDRL/fig/training_exp_naf-eps-converted-to.pdf, id=301, 602.25pt x 
286.06876pt>
File: ./MultimodalDRL/fig/training_exp_naf-eps-converted-to.pdf Graphic file (t
ype pdf)
 <use ./MultimodalDRL/fig/training_exp_naf-eps-converted-to.pdf>
Package pdftex.def Info: ./MultimodalDRL/fig/training_exp_naf-eps-converted-to.
pdf used on input line 264.
(pdftex.def)             Requested size: 165.85597pt x 78.78046pt.
Package epstopdf Info: Source file: <./MultimodalDRL/fig/training_exp_ddpg.eps>

(epstopdf)                    date: 2017-05-02 21:06:18
(epstopdf)                    size: 90575 bytes
(epstopdf)             Output file: <./MultimodalDRL/fig/training_exp_ddpg-eps-
converted-to.pdf>
(epstopdf)                    date: 2017-05-02 17:07:55
(epstopdf)                    size: 86129 bytes
(epstopdf)             Command: <repstopdf --outfile=./MultimodalDRL/fig/traini
ng_exp_ddpg-eps-converted-to.pdf ./MultimodalDRL/fig/training_exp_ddpg.eps>
(epstopdf)             \includegraphics on input line 269.
runsystem(repstopdf --outfile=./MultimodalDRL/fig/training_exp_ddpg-eps-convert
ed-to.pdf ./MultimodalDRL/fig/training_exp_ddpg.eps)...executed safely (allowed
).

Package epstopdf Info: Result file: <./MultimodalDRL/fig/training_exp_ddpg-eps-
converted-to.pdf>
(epstopdf)                    date: 2017-05-02 17:11:19
(epstopdf)                    size: 86129 bytes.

<./MultimodalDRL/fig/training_exp_ddpg-eps-converted-to.pdf, id=302, 595.22375p
t x 290.08376pt>
File: ./MultimodalDRL/fig/training_exp_ddpg-eps-converted-to.pdf Graphic file (
type pdf)

<use ./MultimodalDRL/fig/training_exp_ddpg-eps-converted-to.pdf>
Package pdftex.def Info: ./MultimodalDRL/fig/training_exp_ddpg-eps-converted-to
.pdf used on input line 269.
(pdftex.def)             Requested size: 165.85597pt x 80.82895pt.
 [14]

LaTeX Warning: Reference `fig:actual_robust' on page 15 undefined on input line
 291.

Package epstopdf Info: Source file: <./MultimodalDRL/fig/actual_robust_naf.eps>

(epstopdf)                    date: 2017-05-02 21:06:16
(epstopdf)                    size: 20136 bytes
(epstopdf)             Output file: <./MultimodalDRL/fig/actual_robust_naf-eps-
converted-to.pdf>
(epstopdf)                    date: 2017-05-02 17:07:55
(epstopdf)                    size: 7970 bytes
(epstopdf)             Command: <repstopdf --outfile=./MultimodalDRL/fig/actual
_robust_naf-eps-converted-to.pdf ./MultimodalDRL/fig/actual_robust_naf.eps>
(epstopdf)             \includegraphics on input line 296.
runsystem(repstopdf --outfile=./MultimodalDRL/fig/actual_robust_naf-eps-convert
ed-to.pdf ./MultimodalDRL/fig/actual_robust_naf.eps)...executed safely (allowed
).

Package epstopdf Info: Result file: <./MultimodalDRL/fig/actual_robust_naf-eps-
converted-to.pdf>
(epstopdf)                    date: 2017-05-02 17:11:19
(epstopdf)                    size: 7970 bytes.

<./MultimodalDRL/fig/actual_robust_naf-eps-converted-to.pdf, id=312, 670.505pt 
x 378.41376pt>
File: ./MultimodalDRL/fig/actual_robust_naf-eps-converted-to.pdf Graphic file (
type pdf)

<use ./MultimodalDRL/fig/actual_robust_naf-eps-converted-to.pdf>
Package pdftex.def Info: ./MultimodalDRL/fig/actual_robust_naf-eps-converted-to
.pdf used on input line 296.
(pdftex.def)             Requested size: 165.85597pt x 93.60428pt.
Package epstopdf Info: Source file: <./MultimodalDRL/fig/actual_robust_ddpg.eps
>
(epstopdf)                    date: 2017-05-02 21:06:16
(epstopdf)                    size: 20059 bytes
(epstopdf)             Output file: <./MultimodalDRL/fig/actual_robust_ddpg-eps
-converted-to.pdf>
(epstopdf)                    date: 2017-05-02 17:07:56
(epstopdf)                    size: 7966 bytes
(epstopdf)             Command: <repstopdf --outfile=./MultimodalDRL/fig/actual
_robust_ddpg-eps-converted-to.pdf ./MultimodalDRL/fig/actual_robust_ddpg.eps>
(epstopdf)             \includegraphics on input line 301.
runsystem(repstopdf --outfile=./MultimodalDRL/fig/actual_robust_ddpg-eps-conver
ted-to.pdf ./MultimodalDRL/fig/actual_robust_ddpg.eps)...executed safely (allow
ed).

Package epstopdf Info: Result file: <./MultimodalDRL/fig/actual_robust_ddpg-eps
-converted-to.pdf>
(epstopdf)                    date: 2017-05-02 17:11:19
(epstopdf)                    size: 7966 bytes.

<./MultimodalDRL/fig/actual_robust_ddpg-eps-converted-to.pdf, id=313, 662.475pt
 x 376.40625pt>
File: ./MultimodalDRL/fig/actual_robust_ddpg-eps-converted-to.pdf Graphic file 
(type pdf)

<use ./MultimodalDRL/fig/actual_robust_ddpg-eps-converted-to.pdf>
Package pdftex.def Info: ./MultimodalDRL/fig/actual_robust_ddpg-eps-converted-t
o.pdf used on input line 301.
(pdftex.def)             Requested size: 165.85597pt x 94.23343pt.


LaTeX Warning: Reference `fig:actual_robust' on page 15 undefined on input line
 312.

Package epstopdf Info: Source file: <./MultimodalDRL/fig/policy.eps>
(epstopdf)                    date: 2017-05-02 21:06:18
(epstopdf)                    size: 21976 bytes
(epstopdf)             Output file: <./MultimodalDRL/fig/policy-eps-converted-t
o.pdf>
(epstopdf)                    date: 2017-05-02 17:07:56
(epstopdf)                    size: 7398 bytes
(epstopdf)             Command: <repstopdf --outfile=./MultimodalDRL/fig/policy
-eps-converted-to.pdf ./MultimodalDRL/fig/policy.eps>
(epstopdf)             \includegraphics on input line 332.
runsystem(repstopdf --outfile=./MultimodalDRL/fig/policy-eps-converted-to.pdf .
/MultimodalDRL/fig/policy.eps)...executed safely (allowed).

Package epstopdf Info: Result file: <./MultimodalDRL/fig/policy-eps-converted-t
o.pdf>
(epstopdf)                    date: 2017-05-02 17:11:20
(epstopdf)                    size: 7398 bytes.

<./MultimodalDRL/fig/policy-eps-converted-to.pdf, id=314, 619.31375pt x 303.132
5pt>
File: ./MultimodalDRL/fig/policy-eps-converted-to.pdf Graphic file (type pdf)
 <use ./MultimodalDRL/fig/policy-eps-converted-to.pdf>
Package pdftex.def Info: ./MultimodalDRL/fig/policy-eps-converted-to.pdf used o
n input line 332.
(pdftex.def)             Requested size: 414.6463pt x 202.96358pt.
 [15 <./MultimodalDRL/fig/training_exp_naf-eps-converted-to.pdf> <./MultimodalD
RL/fig/training_exp_ddpg-eps-converted-to.pdf>]
LaTeX Font Info:    Font shape `T1/ptm/bx/n' in size <10.95> not available
(Font)              Font shape `T1/ptm/b/n' tried instead on input line 359.
 [16 <./MultimodalDRL/fig/actual_robust_naf-eps-converted-to.pdf> <./Multimodal
DRL/fig/actual_robust_ddpg-eps-converted-to.pdf>]
<./MultimodalDRL/fig/grad2.png, id=352, 263.3037pt x 157.5486pt>
File: ./MultimodalDRL/fig/grad2.png Graphic file (type png)

<use ./MultimodalDRL/fig/grad2.png>
Package pdftex.def Info: ./MultimodalDRL/fig/grad2.png used on input line 380.
(pdftex.def)             Requested size: 460.72124pt x 275.69492pt.
 [17 <./MultimodalDRL/fig/policy-eps-converted-to.pdf>]
<./MultimodalDRL/fig/grad_image.png, id=368, 237.0456pt x 113.9457pt>
File: ./MultimodalDRL/fig/grad_image.png Graphic file (type png)

<use ./MultimodalDRL/fig/grad_image.png>
Package pdftex.def Info: ./MultimodalDRL/fig/grad_image.png used on input line 
394.
(pdftex.def)             Requested size: 460.72124pt x 221.47685pt.
LaTeX Font Info:    Font shape `T1/ptm/bx/it' in size <14.4> not available
(Font)              Font shape `T1/ptm/b/it' tried instead on input line 402.
 [18 <./MultimodalDRL/fig/grad2.png>]
[19 <./MultimodalDRL/fig/grad_image.png>]

Package natbib Warning: Citation `amos2016input' on page 20 undefined on input 
line 435.


Package natbib Warning: Citation `TRPO' on page 20 undefined on input line 435.



Package natbib Warning: Citation `levine2013guided' on page 20 undefined on inp
ut line 435.


Package natbib Warning: Citation `DBLP:journals/corr/GuLGTL16' on page 20 undef
ined on input line 435.

) [20]
No file thesis.bbl.

Package natbib Warning: There were undefined citations.

Package atveryend Info: Empty hook `BeforeClearDocument' on input line 224.
Package atveryend Info: Empty hook `AfterLastShipout' on input line 224.
(./thesis.aux)
Package atveryend Info: Executing hook `AtVeryEndDocument' on input line 224.
Package atveryend Info: Executing hook `AtEndAfterFileList' on input line 224.
Package rerunfilecheck Info: File `thesis.out' has not changed.
(rerunfilecheck)             Checksum: 60D7D950A96170FA63C2C15164099E79;1604.


LaTeX Warning: There were undefined references.


LaTeX Warning: Label(s) may have changed. Rerun to get cross-references right.

Package atveryend Info: Empty hook `AtVeryVeryEnd' on input line 224.
 ) 
Here is how much of TeX's memory you used:
 24670 strings out of 495028
 442575 string characters out of 6181498
 505998 words of memory out of 5000000
 27270 multiletter control sequences out of 15000+600000
 62115 words of font info for 91 fonts, out of 8000000 for 9000
 14 hyphenation exceptions out of 8191
 56i,16n,76p,10410b,751s stack positions out of 5000i,500n,10000p,200000b,80000s
{/usr/share/texlive/texmf-dist/fonts/enc/dvips/base/8r.enc}</usr/share/texliv
e/texmf-dist/fonts/type1/public/amsfonts/cm/cmbx12.pfb></usr/share/texlive/texm
f-dist/fonts/type1/public/amsfonts/cm/cmbx8.pfb></usr/share/texlive/texmf-dist/
fonts/type1/public/amsfonts/cm/cmex10.pfb></usr/share/texlive/texmf-dist/fonts/
type1/public/amsfonts/cm/cmmi10.pfb></usr/share/texlive/texmf-dist/fonts/type1/
public/amsfonts/cm/cmmi12.pfb></usr/share/texlive/texmf-dist/fonts/type1/public
/amsfonts/cm/cmmi6.pfb></usr/share/texlive/texmf-dist/fonts/type1/public/amsfon
ts/cm/cmmi7.pfb></usr/share/texlive/texmf-dist/fonts/type1/public/amsfonts/cm/c
mmi8.pfb></usr/share/texlive/texmf-dist/fonts/type1/public/amsfonts/cm/cmr10.pf
b></usr/share/texlive/texmf-dist/fonts/type1/public/amsfonts/cm/cmr12.pfb></usr
/share/texlive/texmf-dist/fonts/type1/public/amsfonts/cm/cmr6.pfb></usr/share/t
exlive/texmf-dist/fonts/type1/public/amsfonts/cm/cmr7.pfb></usr/share/texlive/t
exmf-dist/fonts/type1/public/amsfonts/cm/cmr8.pfb></usr/share/texlive/texmf-dis
t/fonts/type1/public/amsfonts/cm/cmsy10.pfb></usr/share/texlive/texmf-dist/font
s/type1/public/amsfonts/cm/cmsy6.pfb></usr/share/texlive/texmf-dist/fonts/type1
/public/amsfonts/cm/cmsy8.pfb></usr/share/texlive/texmf-dist/fonts/type1/public
/amsfonts/symbols/msbm10.pfb></usr/share/texlive/texmf-dist/fonts/type1/urw/tim
es/utmb8a.pfb></usr/share/texlive/texmf-dist/fonts/type1/urw/times/utmbi8a.pfb>
</usr/share/texlive/texmf-dist/fonts/type1/urw/times/utmr8a.pfb></usr/share/tex
live/texmf-dist/fonts/type1/urw/times/utmri8a.pfb>
Output written on thesis.pdf (32 pages, 1274961 bytes).
PDF statistics:
 475 PDF objects out of 1000 (max. 8388607)
 391 compressed objects within 4 object streams
 86 named destinations out of 1000 (max. 500000)
 230 words of extra memory for PDF output out of 10000 (max. 10000000)

